commons/app/build/outputs/logs/manifest-merger-release-report.txt
-- Merging decision tree log ---
manifest
ADDED from src\main\AndroidManifest.xml:1:1-150:12
	package
		ADDED from src\main\AndroidManifest.xml:2:5-34
		INJECTED from src\main\AndroidManifest.xml
		INJECTED from src\main\AndroidManifest.xml
	android:versionName
		ADDED from src\main\AndroidManifest.xml:4:5-31
		INJECTED from src\main\AndroidManifest.xml
		INJECTED from src\main\AndroidManifest.xml
	android:versionCode
		ADDED from src\main\AndroidManifest.xml:3:5-29
		INJECTED from src\main\AndroidManifest.xml
		INJECTED from src\main\AndroidManifest.xml
	xmlns:android
		ADDED from src\main\AndroidManifest.xml:1:11-69
uses-sdk
ADDED from src\main\AndroidManifest.xml:6:5-8:41
MERGED from [fr.avianey.com.viewpagerindicator:library:2.4.1.1] AndroidManifest.xml:8:5-43
MERGED from [com.android.volley:volley:1.0.0] AndroidManifest.xml:7:5-43
MERGED from [com.android.support:support-v4:23.4.0] AndroidManifest.xml:20:5-43
MERGED from [com.android.support:appcompat-v7:23.4.0] AndroidManifest.xml:21:5-23:78
MERGED from [com.android.support:animated-vector-drawable:23.4.0] AndroidManifest.xml:5:5-44
MERGED from [com.android.support:support-vector-drawable:23.4.0] AndroidManifest.xml:5:5-43
MERGED from [com.android.support:support-v4:23.4.0] AndroidManifest.xml:20:5-43
MERGED from [com.android.support:support-v4:23.4.0] AndroidManifest.xml:20:5-43
MERGED from [com.android.support:support-vector-drawable:23.4.0] AndroidManifest.xml:5:5-43
MERGED from [com.android.support:support-v4:23.4.0] AndroidManifest.xml:20:5-43
MERGED from [com.android.support:design:23.4.0] AndroidManifest.xml:20:5-43
MERGED from [com.android.support:recyclerview-v7:23.4.0] AndroidManifest.xml:20:5-43
MERGED from [com.android.support:support-v4:23.4.0] AndroidManifest.xml:20:5-43
MERGED from [com.android.support:appcompat-v7:23.4.0] AndroidManifest.xml:21:5-23:78
MERGED from [com.android.support:animated-vector-drawable:23.4.0] AndroidManifest.xml:5:5-44
MERGED from [com.android.support:support-vector-drawable:23.4.0] AndroidManifest.xml:5:5-43
MERGED from [com.android.support:support-v4:23.4.0] AndroidManifest.xml:20:5-43
MERGED from [com.android.support:support-v4:23.4.0] AndroidManifest.xml:20:5-43
MERGED from [com.android.support:support-vector-drawable:23.4.0] AndroidManifest.xml:5:5-43
MERGED from [com.android.support:support-v4:23.4.0] AndroidManifest.xml:20:5-43
MERGED from [com.android.support:support-v4:23.4.0] AndroidManifest.xml:20:5-43
	tools:overrideLibrary
		ADDED from [com.android.support:appcompat-v7:23.4.0] AndroidManifest.xml:23:9-75
	android:targetSdkVersion
		ADDED from src\main\AndroidManifest.xml:8:9-38
		INJECTED from src\main\AndroidManifest.xml
		INJECTED from src\main\AndroidManifest.xml
	android:minSdkVersion
		ADDED from src\main\AndroidManifest.xml:7:9-34
		INJECTED from src\main\AndroidManifest.xml
		INJECTED from src\main\AndroidManifest.xml
uses-permission#android.permission.INTERNET
ADDED from src\main\AndroidManifest.xml:10:5-67
	android:name
		ADDED from src\main\AndroidManifest.xml:10:22-64
uses-permission#android.permission.READ_EXTERNAL_STORAGE
ADDED from src\main\AndroidManifest.xml:11:5-79
	android:name
		ADDED from src\main\AndroidManifest.xml:11:22-77
uses-permission#android.permission.READ_SYNC_SETTINGS
ADDED from src\main\AndroidManifest.xml:12:5-76
	android:name
		ADDED from src\main\AndroidManifest.xml:12:22-74
uses-permission#android.permission.READ_SYNC_STATS
ADDED from src\main\AndroidManifest.xml:13:5-73
	android:name
		ADDED from src\main\AndroidManifest.xml:13:22-71
uses-permission#android.permission.WRITE_SYNC_SETTINGS
ADDED from src\main\AndroidManifest.xml:14:5-77
	android:name
		ADDED from src\main\AndroidManifest.xml:14:22-75
uses-permission#android.permission.WRITE_EXTERNAL_STORAGE
ADDED from src\main\AndroidManifest.xml:15:5-80
	android:name
		ADDED from src\main\AndroidManifest.xml:15:22-78
uses-permission#android.permission.ACCESS_FINE_LOCATION
ADDED from src\main\AndroidManifest.xml:16:5-79
	android:name
		ADDED from src\main\AndroidManifest.xml:16:22-76
uses-permission#android.permission.AUTHENTICATE_ACCOUNTS
ADDED from src\main\AndroidManifest.xml:17:5-79
	android:name
		ADDED from src\main\AndroidManifest.xml:17:22-77
uses-permission#android.permission.GET_ACCOUNTS
ADDED from src\main\AndroidManifest.xml:18:5-70
	android:name
		ADDED from src\main\AndroidManifest.xml:18:22-68
uses-permission#android.permission.USE_CREDENTIALS
ADDED from src\main\AndroidManifest.xml:19:5-73
	android:name
		ADDED from src\main\AndroidManifest.xml:19:22-71
uses-permission#android.permission.MANAGE_ACCOUNTS
ADDED from src\main\AndroidManifest.xml:20:5-73
	android:name
		ADDED from src\main\AndroidManifest.xml:20:22-71
application
ADDED from src\main\AndroidManifest.xml:22:5-148:19
MERGED from [com.android.volley:volley:1.0.0] AndroidManifest.xml:9:5-20
MERGED from [com.android.support:support-v4:23.4.0] AndroidManifest.xml:22:5-20
MERGED from [com.android.support:appcompat-v7:23.4.0] AndroidManifest.xml:25:5-20
MERGED from [com.android.support:animated-vector-drawable:23.4.0] AndroidManifest.xml:7:5-20
MERGED from [com.android.support:support-vector-drawable:23.4.0] AndroidManifest.xml:7:5-20
MERGED from [com.android.support:support-v4:23.4.0] AndroidManifest.xml:22:5-20
MERGED from [com.android.support:support-v4:23.4.0] AndroidManifest.xml:22:5-20
MERGED from [com.android.support:support-vector-drawable:23.4.0] AndroidManifest.xml:7:5-20
MERGED from [com.android.support:support-v4:23.4.0] AndroidManifest.xml:22:5-20
MERGED from [com.android.support:design:23.4.0] AndroidManifest.xml:22:5-20
MERGED from [com.android.support:support-v4:23.4.0] AndroidManifest.xml:22:5-20
MERGED from [com.android.support:appcompat-v7:23.4.0] AndroidManifest.xml:25:5-20
MERGED from [com.android.support:animated-vector-drawable:23.4.0] AndroidManifest.xml:7:5-20
MERGED from [com.android.support:support-vector-drawable:23.4.0] AndroidManifest.xml:7:5-20
MERGED from [com.android.support:support-v4:23.4.0] AndroidManifest.xml:22:5-20
MERGED from [com.android.support:support-v4:23.4.0] AndroidManifest.xml:22:5-20
MERGED from [com.android.support:support-vector-drawable:23.4.0] AndroidManifest.xml:7:5-20
MERGED from [com.android.support:support-v4:23.4.0] AndroidManifest.xml:22:5-20
MERGED from [com.android.support:support-v4:23.4.0] AndroidManifest.xml:22:5-20
	android:label
		ADDED from src\main\AndroidManifest.xml:25:9-41
	android:supportsRtl
		ADDED from src\main\AndroidManifest.xml:27:9-35
	android:icon
		ADDED from src\main\AndroidManifest.xml:24:9-45
	android:theme
		ADDED from src\main\AndroidManifest.xml:26:9-47
	android:name
		ADDED from src\main\AndroidManifest.xml:23:9-43
activity#org.acra.CrashReportDialog
ADDED from src\main\AndroidManifest.xml:28:9-32:55
	android:excludeFromRecents
		ADDED from src\main\AndroidManifest.xml:31:19-52
	android:launchMode
		ADDED from src\main\AndroidManifest.xml:30:19-54
	android:finishOnTaskLaunch
		ADDED from src\main\AndroidManifest.xml:32:19-52
	android:theme
		ADDED from src\main\AndroidManifest.xml:29:19-62
	android:name
		ADDED from src\main\AndroidManifest.xml:28:19-60
activity#fr.free.nrw.commons.auth.LoginActivity
ADDED from src\main\AndroidManifest.xml:34:9-37:20
	android:theme
		ADDED from src\main\AndroidManifest.xml:36:13-43
	android:name
		ADDED from src\main\AndroidManifest.xml:35:13-47
activity#fr.free.nrw.commons.WelcomeActivity
ADDED from src\main\AndroidManifest.xml:38:9-41:20
	android:theme
		ADDED from src\main\AndroidManifest.xml:40:13-43
	android:name
		ADDED from src\main\AndroidManifest.xml:39:13-44
activity#fr.free.nrw.commons.upload.ShareActivity
ADDED from src\main\AndroidManifest.xml:42:9-55:20
	android:label
		ADDED from src\main\AndroidManifest.xml:45:13-45
	android:icon
		ADDED from src\main\AndroidManifest.xml:44:13-49
	android:name
		ADDED from src\main\AndroidManifest.xml:43:13-49
intent-filter#android.intent.action.SEND+android.intent.category.DEFAULT
ADDED from src\main\AndroidManifest.xml:47:13-54:29
action#android.intent.action.SEND
ADDED from src\main\AndroidManifest.xml:48:17-69
	android:name
		ADDED from src\main\AndroidManifest.xml:48:25-66
category#android.intent.category.DEFAULT
ADDED from src\main\AndroidManifest.xml:50:17-76
	android:name
		ADDED from src\main\AndroidManifest.xml:50:27-73
data
ADDED from src\main\AndroidManifest.xml:52:17-52
	android:mimeType
		ADDED from src\main\AndroidManifest.xml:52:23-49
activity#fr.free.nrw.commons.upload.MultipleShareActivity
ADDED from src\main\AndroidManifest.xml:56:9-69:20
	android:label
		ADDED from src\main\AndroidManifest.xml:59:17-49
	android:icon
		ADDED from src\main\AndroidManifest.xml:58:17-53
	android:name
		ADDED from src\main\AndroidManifest.xml:57:17-61
intent-filter#android.intent.action.SEND_MULTIPLE+android.intent.category.DEFAULT
ADDED from src\main\AndroidManifest.xml:61:13-68:29
action#android.intent.action.SEND_MULTIPLE
ADDED from src\main\AndroidManifest.xml:62:17-78
	android:name
		ADDED from src\main\AndroidManifest.xml:62:25-75
activity#fr.free.nrw.commons.contributions.ContributionsActivity
ADDED from src\main\AndroidManifest.xml:71:9-80:20
	android:label
		ADDED from src\main\AndroidManifest.xml:74:17-49
	android:icon
		ADDED from src\main\AndroidManifest.xml:73:17-53
	android:name
		ADDED from src\main\AndroidManifest.xml:72:17-68
intent-filter#android.intent.action.MAIN+android.intent.category.LAUNCHER
ADDED from src\main\AndroidManifest.xml:76:13-79:30
category#android.intent.category.LAUNCHER
ADDED from src\main\AndroidManifest.xml:77:17-76
	android:name
		ADDED from src\main\AndroidManifest.xml:77:27-74
action#android.intent.action.MAIN
ADDED from src\main\AndroidManifest.xml:78:17-68
	android:name
		ADDED from src\main\AndroidManifest.xml:78:25-66
activity#fr.free.nrw.commons.SettingsActivity
ADDED from src\main\AndroidManifest.xml:81:9-84:15
	android:label
		ADDED from src\main\AndroidManifest.xml:83:13-60
	android:name
		ADDED from src\main\AndroidManifest.xml:82:13-45
activity#fr.free.nrw.commons.AboutActivity
ADDED from src\main\AndroidManifest.xml:85:9-95
	android:label
		ADDED from src\main\AndroidManifest.xml:85:49-93
	android:name
		ADDED from src\main\AndroidManifest.xml:85:19-48
service#fr.free.nrw.commons.upload.UploadService
ADDED from src\main\AndroidManifest.xml:87:9-88:19
	android:name
		ADDED from src\main\AndroidManifest.xml:87:18-54
service#fr.free.nrw.commons.auth.WikiAccountAuthenticatorService
ADDED from src\main\AndroidManifest.xml:89:9-100:19
	android:process
		ADDED from src\main\AndroidManifest.xml:92:13-36
	android:exported
		ADDED from src\main\AndroidManifest.xml:91:13-36
	android:name
		ADDED from src\main\AndroidManifest.xml:90:13-65
intent-filter#android.accounts.AccountAuthenticator
ADDED from src\main\AndroidManifest.xml:93:13-95:29
action#android.accounts.AccountAuthenticator
ADDED from src\main\AndroidManifest.xml:94:17-80
	android:name
		ADDED from src\main\AndroidManifest.xml:94:25-77
meta-data#android.accounts.AccountAuthenticator
ADDED from src\main\AndroidManifest.xml:97:13-99:57
	android:resource
		ADDED from src\main\AndroidManifest.xml:99:17-54
	android:name
		ADDED from src\main\AndroidManifest.xml:98:17-69
service#fr.free.nrw.commons.contributions.ContributionsSyncService
ADDED from src\main\AndroidManifest.xml:102:9-112:19
	android:exported
		ADDED from src\main\AndroidManifest.xml:104:17-40
	android:name
		ADDED from src\main\AndroidManifest.xml:103:17-71
intent-filter#android.content.SyncAdapter
ADDED from src\main\AndroidManifest.xml:105:13-108:29
action#android.content.SyncAdapter
ADDED from src\main\AndroidManifest.xml:106:17-107:70
	android:name
		ADDED from src\main\AndroidManifest.xml:107:25-67
meta-data#android.content.SyncAdapter
ADDED from src\main\AndroidManifest.xml:109:13-111:74
	android:resource
		ADDED from src\main\AndroidManifest.xml:111:21-71
	android:name
		ADDED from src\main\AndroidManifest.xml:110:21-63
service#fr.free.nrw.commons.modifications.ModificationsSyncService
ADDED from src\main\AndroidManifest.xml:114:9-124:19
	android:exported
		ADDED from src\main\AndroidManifest.xml:116:17-40
	android:name
		ADDED from src\main\AndroidManifest.xml:115:17-71
provider#fr.free.nrw.commons.contributions.ContributionsContentProvider
ADDED from src\main\AndroidManifest.xml:126:9-132:20
	android:authorities
		ADDED from src\main\AndroidManifest.xml:130:17-88
	android:label
		ADDED from src\main\AndroidManifest.xml:128:17-63
	android:syncable
		ADDED from src\main\AndroidManifest.xml:129:17-40
	android:exported
		ADDED from src\main\AndroidManifest.xml:131:17-41
	android:name
		ADDED from src\main\AndroidManifest.xml:127:17-75
provider#fr.free.nrw.commons.modifications.ModificationsContentProvider
ADDED from src\main\AndroidManifest.xml:134:9-140:20
	android:authorities
		ADDED from src\main\AndroidManifest.xml:138:17-88
	android:label
		ADDED from src\main\AndroidManifest.xml:136:17-63
	android:syncable
		ADDED from src\main\AndroidManifest.xml:137:17-40
	android:exported
		ADDED from src\main\AndroidManifest.xml:139:17-41
	android:name
		ADDED from src\main\AndroidManifest.xml:135:17-75
provider#fr.free.nrw.commons.category.CategoryContentProvider
ADDED from src\main\AndroidManifest.xml:141:9-147:20
	android:authorities
		ADDED from src\main\AndroidManifest.xml:145:17-85
	android:label
		ADDED from src\main\AndroidManifest.xml:143:17-60
	android:syncable
		ADDED from src\main\AndroidManifest.xml:144:17-41
	android:exported
		ADDED from src\main\AndroidManifest.xml:146:17-41
	android:name
		ADDED from src\main\AndroidManifest.xml:142:17-65